<?xml version="1.0" encoding="UTF-8"?>
<!-- Generated by org.testng.reporters.JUnitXMLReporter -->
<testsuite hostname="WIN-NFDCINOH1RK" ignored="0" name="Default test" tests="4" failures="0" timestamp="2020-02-11T07:08:24 UTC" time="33.096" errors="0">
  <testcase name="testRegistration" time="8.623" classname="hdc2demos.Shirisha"/>
  <testcase name="testLogin" time="9.131" classname="hdc2demos.Shirisha"/>
  <testcase name="testCart" time="3.515" classname="hdc2demos.Shirisha"/>
  <testcase name="testPayment" time="11.196" classname="hdc2demos.Shirisha"/>
</testsuite> <!-- Default test -->
