<?xml version="1.0" encoding="UTF-8"?>
<!-- Generated by org.testng.reporters.JUnitXMLReporter -->
<testsuite hostname="WIN-NFDCINOH1RK" ignored="0" name="Test" tests="3" failures="0" timestamp="2020-02-06T06:55:20 UTC" time="0.078" errors="0">
  <testcase name="primemembership" time="0.012" classname="hdc2demos.Parameters"/>
  <testcase name="renewal" time="0.002" classname="hdc2demos.Parameters"/>
  <testcase name="termination" time="0.001" classname="hdc2demos.Parameters"/>
</testsuite> <!-- Test -->
