<?xml version="1.0" encoding="UTF-8"?>
<testng-results skipped="0" failed="0" ignored="0" total="4" passed="4">
  <reporter-output>
  </reporter-output>
  <suite name="Default suite" duration-ms="33096" started-at="2020-02-11T07:07:51 UTC" finished-at="2020-02-11T07:08:24 UTC">
    <groups>
    </groups>
    <test name="Default test" duration-ms="33096" started-at="2020-02-11T07:07:51 UTC" finished-at="2020-02-11T07:08:24 UTC">
      <class name="hdc2demos.Shirisha">
        <test-method status="PASS" signature="reportconfig()[pri:0, instance:hdc2demos.Shirisha@76707e36]" name="reportconfig" is-config="true" duration-ms="156" started-at="2020-02-11T07:07:51 UTC" finished-at="2020-02-11T07:07:51 UTC">
          <reporter-output>
          </reporter-output>
        </test-method> <!-- reportconfig -->
        <test-method status="PASS" signature="testRegistration()[pri:1, instance:hdc2demos.Shirisha@76707e36]" name="testRegistration" duration-ms="8623" started-at="2020-02-11T07:07:51 UTC" finished-at="2020-02-11T07:07:59 UTC">
          <reporter-output>
          </reporter-output>
        </test-method> <!-- testRegistration -->
        <test-method status="PASS" signature="getResult(org.testng.ITestResult)[pri:0, instance:hdc2demos.Shirisha@76707e36]" name="getResult" is-config="true" duration-ms="11" started-at="2020-02-11T07:08:00 UTC" finished-at="2020-02-11T07:08:00 UTC">
          <params>
            <param index="0">
              <value>
                <![CDATA[[TestResult name=testRegistration status=SUCCESS method=Shirisha.testRegistration()[pri:1, instance:hdc2demos.Shirisha@76707e36] output={null}]]]>
              </value>
            </param>
          </params>
          <reporter-output>
          </reporter-output>
        </test-method> <!-- getResult -->
        <test-method status="PASS" signature="testLogin()[pri:2, instance:hdc2demos.Shirisha@76707e36]" name="testLogin" duration-ms="9131" started-at="2020-02-11T07:08:00 UTC" finished-at="2020-02-11T07:08:09 UTC">
          <reporter-output>
          </reporter-output>
        </test-method> <!-- testLogin -->
        <test-method status="PASS" signature="getResult(org.testng.ITestResult)[pri:0, instance:hdc2demos.Shirisha@76707e36]" name="getResult" is-config="true" duration-ms="1" started-at="2020-02-11T07:08:09 UTC" finished-at="2020-02-11T07:08:09 UTC">
          <params>
            <param index="0">
              <value>
                <![CDATA[[TestResult name=testLogin status=SUCCESS method=Shirisha.testLogin()[pri:2, instance:hdc2demos.Shirisha@76707e36] output={null}]]]>
              </value>
            </param>
          </params>
          <reporter-output>
          </reporter-output>
        </test-method> <!-- getResult -->
        <test-method status="PASS" signature="testCart()[pri:3, instance:hdc2demos.Shirisha@76707e36]" name="testCart" duration-ms="3515" started-at="2020-02-11T07:08:09 UTC" finished-at="2020-02-11T07:08:12 UTC">
          <reporter-output>
          </reporter-output>
        </test-method> <!-- testCart -->
        <test-method status="PASS" signature="getResult(org.testng.ITestResult)[pri:0, instance:hdc2demos.Shirisha@76707e36]" name="getResult" is-config="true" duration-ms="1" started-at="2020-02-11T07:08:12 UTC" finished-at="2020-02-11T07:08:12 UTC">
          <params>
            <param index="0">
              <value>
                <![CDATA[[TestResult name=testCart status=SUCCESS method=Shirisha.testCart()[pri:3, instance:hdc2demos.Shirisha@76707e36] output={null}]]]>
              </value>
            </param>
          </params>
          <reporter-output>
          </reporter-output>
        </test-method> <!-- getResult -->
        <test-method status="PASS" signature="testPayment()[pri:4, instance:hdc2demos.Shirisha@76707e36]" name="testPayment" duration-ms="11196" started-at="2020-02-11T07:08:12 UTC" finished-at="2020-02-11T07:08:23 UTC">
          <reporter-output>
          </reporter-output>
        </test-method> <!-- testPayment -->
        <test-method status="PASS" signature="getResult(org.testng.ITestResult)[pri:0, instance:hdc2demos.Shirisha@76707e36]" name="getResult" is-config="true" duration-ms="1" started-at="2020-02-11T07:08:23 UTC" finished-at="2020-02-11T07:08:23 UTC">
          <params>
            <param index="0">
              <value>
                <![CDATA[[TestResult name=testPayment status=SUCCESS method=Shirisha.testPayment()[pri:4, instance:hdc2demos.Shirisha@76707e36] output={null}]]]>
              </value>
            </param>
          </params>
          <reporter-output>
          </reporter-output>
        </test-method> <!-- getResult -->
        <test-method status="PASS" signature="tearDown()[pri:0, instance:hdc2demos.Shirisha@76707e36]" name="tearDown" is-config="true" duration-ms="421" started-at="2020-02-11T07:08:23 UTC" finished-at="2020-02-11T07:08:24 UTC">
          <reporter-output>
          </reporter-output>
        </test-method> <!-- tearDown -->
      </class> <!-- hdc2demos.Shirisha -->
    </test> <!-- Default test -->
  </suite> <!-- Default suite -->
</testng-results>
